(0000) 3000  0011000000000000 (   1)                 .ORIG x3000
(3000) E0F9  1110000011111001 (   3)                 LEA   R0 INSTRUCTIONS
(3001) F022  1111000000100010 (   4)                 TRAP  x22
(3002) 5020  0101000000100000 (   5)                 AND   R0 R0 #0
(3003) 102A  0001000000101010 (   6)                 ADD   R0 R0 #10
(3004) F021  1111000000100001 (   7)                 TRAP  x21
(3005) 5020  0101000000100000 (   8)                 AND   R0 R0 #0
(3006) 480E  0100100000001110 (   9)                 JSR   ASK4INPUT
(3007) 487C  0100100001111100 (  11)                 JSR   BUBBLESORT
(3008) 5020  0101000000100000 (  12)                 AND   R0 R0 #0
(3009) 102A  0001000000101010 (  13)                 ADD   R0 R0 #10
(300A) F021  1111000000100001 (  14)                 TRAP  x21
(300B) 5020  0101000000100000 (  15)                 AND   R0 R0 #0
(300C) E0D4  1110000011010100 (  16)                 LEA   R0 SORT
(300D) F022  1111000000100010 (  17)                 TRAP  x22
(300E) 5020  0101000000100000 (  18)                 AND   R0 R0 #0
(300F) 102A  0001000000101010 (  19)                 ADD   R0 R0 #10
(3010) F021  1111000000100001 (  20)                 TRAP  x21
(3011) 5020  0101000000100000 (  21)                 AND   R0 R0 #0
(3012) 491C  0100100100011100 (  22)                 JSR   PRNTNUMS
(3013) F025  1111000000100101 (  23)                 TRAP  x25
(3014) F025  1111000000100101 (  26) STOP            TRAP  x25
(3015) 3ECA  0011111011001010 (  30) ASK4INPUT       ST    R7 TEMP
(3016) 4847  0100100001000111 (  31)                 JSR   SAVREG
(3017) 5260  0101001001100000 (  32)                 AND   R1 R1 #0
(3018) E0F7  1110000011110111 (  33)                 LEA   R0 CONSOLE
(3019) F022  1111000000100010 (  34)                 TRAP  x22
(301A) 5020  0101000000100000 (  35)                 AND   R0 R0 #0
(301B) 102A  0001000000101010 (  36)                 ADD   R0 R0 #10
(301C) F021  1111000000100001 (  37)                 TRAP  x21
(301D) 54A0  0101010010100000 (  39) A4ILOOP         AND   R2 R2 #0
(301E) 14B8  0001010010111000 (  40)                 ADD   R2 R2 #-8
(301F) 1442  0001010001000010 (  41)                 ADD   R2 R1 R2
(3020) 040A  0000010000001010 (  42)                 BRZ   EXITLOOP
(3021) 483C  0100100000111100 (  44)                 JSR   SAVREG
(3022) 480B  0100100000001011 (  45)                 JSR   GETINPUT
(3023) 484A  0100100001001010 (  46)                 JSR   LDREG
(3024) 20B6  0010000010110110 (  47)                 LD    R0 INTARRY
(3025) 1001  0001000000000001 (  48)                 ADD   R0 R0 R1
(3026) 24B0  0010010010110000 (  49)                 LD    R2 RESULT
(3027) 6480  0110010010000000 (  50)                 LDR   R2 R2 #0
(3028) 7400  0111010000000000 (  51)                 STR   R2 R0 #0
(3029) 1261  0001001001100001 (  52)                 ADD   R1 R1 #1
(302A) 0FF2  0000111111110010 (  53)                 BRNZP A4ILOOP
(302B) 4842  0100100001000010 (  55) EXITLOOP        JSR   LDREG
(302C) 2EB3  0010111010110011 (  56)                 LD    R7 TEMP
(302D) C1C0  1100000111000000 (  57)                 RET   
(302E) 3EB0  0011111010110000 (  61) GETINPUT        ST    R7 TEMP2
(302F) 482E  0100100000101110 (  62)                 JSR   SAVREG
(3030) 5260  0101001001100000 (  63)                 AND   R1 R1 #0
(3031) 54A0  0101010010100000 (  65) GILOOP          AND   R2 R2 #0
(3032) F020  1111000000100000 (  66)                 TRAP  x20
(3033) F021  1111000000100001 (  67)                 TRAP  x21
(3034) 1436  0001010000110110 (  68)                 ADD   R2 R0 #-10
(3035) 0416  0000010000010110 (  69)                 BRZ   EXITGILOOP
(3036) 54A0  0101010010100000 (  70)                 AND   R2 R2 #0
(3037) 1480  0001010010000000 (  71)                 ADD   R2 R2 R0
(3038) 14B0  0001010010110000 (  72)                 ADD   R2 R2 #-16
(3039) 14B0  0001010010110000 (  73)                 ADD   R2 R2 #-16
(303A) 14B0  0001010010110000 (  74)                 ADD   R2 R2 #-16
(303B) 09D8  0000100111011000 (  75)                 BRN   STOP
(303C) 14B7  0001010010110111 (  76)                 ADD   R2 R2 #-9
(303D) 03D6  0000001111010110 (  77)                 BRP   STOP
(303E) 14A9  0001010010101001 (  78)                 ADD   R2 R2 #9
(303F) 2698  0010011010011000 (  79)                 LD    R3 MULTX
(3040) 2898  0010100010011000 (  80)                 LD    R4 MULTY
(3041) 5B60  0101101101100000 (  81)                 AND   R5 R5 #0
(3042) 1B6A  0001101101101010 (  82)                 ADD   R5 R5 #10
(3043) 72C0  0111001011000000 (  83)                 STR   R1 R3 #0
(3044) 7B00  0111101100000000 (  84)                 STR   R5 R4 #0
(3045) 4818  0100100000011000 (  85)                 JSR   SAVREG
(3046) 480A  0100100000001010 (  86)                 JSR   MULT
(3047) 4826  0100100000100110 (  87)                 JSR   LDREG
(3048) 2691  0010011010010001 (  88)                 LD    R3 MULTR
(3049) 66C0  0110011011000000 (  89)                 LDR   R3 R3 #0
(304A) 12C2  0001001011000010 (  90)                 ADD   R1 R3 R2
(304B) 0FE5  0000111111100101 (  91)                 BRNZP GILOOP
(304C) 248A  0010010010001010 (  93) EXITGILOOP      LD    R2 RESULT
(304D) 7280  0111001010000000 (  94)                 STR   R1 R2 #0
(304E) 481F  0100100000011111 (  95)                 JSR   LDREG
(304F) 2E8F  0010111010001111 (  96)                 LD    R7 TEMP2
(3050) C1C0  1100000111000000 (  97)                 RET   
(3051) 2086  0010000010000110 ( 101) MULT            LD    R0 MULTX
(3052) 6000  0110000000000000 ( 102)                 LDR   R0 R0 #0
(3053) 2285  0010001010000101 ( 103)                 LD    R1 MULTY
(3054) 6240  0110001001000000 ( 104)                 LDR   R1 R1 #0
(3055) 54A0  0101010010100000 ( 105)                 AND   R2 R2 #0
(3056) 1260  0001001001100000 ( 107) MULTLOOP        ADD   R1 R1 #0
(3057) 0C03  0000110000000011 ( 108)                 BRNZ  MULTBREAK
(3058) 1480  0001010010000000 ( 109)                 ADD   R2 R2 R0
(3059) 127F  0001001001111111 ( 110)                 ADD   R1 R1 #-1
(305A) 0FFB  0000111111111011 ( 111)                 BRNZP MULTLOOP
(305B) 207E  0010000001111110 ( 113) MULTBREAK       LD    R0 MULTR
(305C) 7400  0111010000000000 ( 114)                 STR   R2 R0 #0
(305D) C1C0  1100000111000000 ( 115)                 RET   
(305E) 3E7D  0011111001111101 ( 119) SAVREG          ST    R7 TEMP2REG
(305F) 2E7D  0010111001111101 ( 120)                 LD    R7 STACK
(3060) 71C0  0111000111000000 ( 121)                 STR   R0 R7 #0
(3061) 73C1  0111001111000001 ( 122)                 STR   R1 R7 #1
(3062) 75C2  0111010111000010 ( 123)                 STR   R2 R7 #2
(3063) 77C3  0111011111000011 ( 124)                 STR   R3 R7 #3
(3064) 79C4  0111100111000100 ( 125)                 STR   R4 R7 #4
(3065) 7BC5  0111101111000101 ( 126)                 STR   R5 R7 #5
(3066) 7DC6  0111110111000110 ( 127)                 STR   R6 R7 #6
(3067) 1FE7  0001111111100111 ( 128)                 ADD   R7 R7 #7
(3068) 2073  0010000001110011 ( 129)                 LD    R0 TEMP2REG
(3069) 71C0  0111000111000000 ( 130)                 STR   R0 R7 #0
(306A) 1FE1  0001111111100001 ( 131)                 ADD   R7 R7 #1
(306B) 3E71  0011111001110001 ( 132)                 ST    R7 STACK
(306C) 2E6F  0010111001101111 ( 133)                 LD    R7 TEMP2REG
(306D) C1C0  1100000111000000 ( 134)                 RET   
(306E) 3E6D  0011111001101101 ( 138) LDREG           ST    R7 TEMP2REG
(306F) 2E6D  0010111001101101 ( 139)                 LD    R7 STACK
(3070) 206D  0010000001101101 ( 140)                 LD    R0 EMPTY
(3071) 903F  1001000000111111 ( 141)                 NOT   R0 R0
(3072) 1021  0001000000100001 ( 142)                 ADD   R0 R0 #1
(3073) 63C0  0110001111000000 ( 143)                 LDR   R1 R7 #0
(3074) 1240  0001001001000000 ( 144)                 ADD   R1 R1 R0
(3075) 040C  0000010000001100 ( 145)                 BRZ   LRBREAK
(3076) 61F8  0110000111111000 ( 146)                 LDR   R0 R7 #-8
(3077) 63F9  0110001111111001 ( 147)                 LDR   R1 R7 #-7
(3078) 65FA  0110010111111010 ( 148)                 LDR   R2 R7 #-6
(3079) 67FB  0110011111111011 ( 149)                 LDR   R3 R7 #-5
(307A) 69FC  0110100111111100 ( 150)                 LDR   R4 R7 #-4
(307B) 6BFD  0110101111111101 ( 151)                 LDR   R5 R7 #-3
(307C) 6DFE  0110110111111110 ( 152)                 LDR   R6 R7 #-2
(307D) 2260  0010001001100000 ( 153)                 LD    R1 EMPTY
(307E) 73FF  0111001111111111 ( 154)                 STR   R1 R7 #-1
(307F) 63F9  0110001111111001 ( 155)                 LDR   R1 R7 #-7
(3080) 1FF8  0001111111111000 ( 156)                 ADD   R7 R7 #-8
(3081) 3E5B  0011111001011011 ( 157)                 ST    R7 STACK
(3082) 2E59  0010111001011001 ( 159) LRBREAK         LD    R7 TEMP2REG
(3083) C1C0  1100000111000000 ( 160)                 RET   
(3084) 3E5A  0011111001011010 ( 164) BUBBLESORT      ST    R7 TEMP2
(3085) 4FD8  0100111111011000 ( 165)                 JSR   SAVREG
(3086) 5260  0101001001100000 ( 166)                 AND   R1 R1 #0
(3087) 56E0  0101011011100000 ( 168) BUBSORTLOOP     AND   R3 R3 #0
(3088) 16F9  0001011011111001 ( 169)                 ADD   R3 R3 #-7
(3089) 5920  0101100100100000 ( 170)                 AND   R4 R4 #0
(308A) 18C1  0001100011000001 ( 171)                 ADD   R4 R3 R1
(308B) 061D  0000011000011101 ( 172)                 BRZP  LOOPCOUNT
(308C) 54A0  0101010010100000 ( 173)                 AND   R2 R2 #0
(308D) 5920  0101100100100000 ( 175) BSLOOP          AND   R4 R4 #0
(308E) 1901  0001100100000001 ( 176)                 ADD   R4 R4 R1
(308F) 993F  1001100100111111 ( 177)                 NOT   R4 R4
(3090) 1921  0001100100100001 ( 178)                 ADD   R4 R4 #1
(3091) 1927  0001100100100111 ( 179)                 ADD   R4 R4 #7
(3092) 993F  1001100100111111 ( 180)                 NOT   R4 R4
(3093) 1921  0001100100100001 ( 181)                 ADD   R4 R4 #1
(3094) 1884  0001100010000100 ( 182)                 ADD   R4 R2 R4
(3095) 0611  0000011000010001 ( 183)                 BRZP  EXITBSL
(3096) 2044  0010000001000100 ( 184)                 LD    R0 INTARRY
(3097) 1002  0001000000000010 ( 185)                 ADD   R0 R0 R2
(3098) 2642  0010011001000010 ( 186)                 LD    R3 INTARRY
(3099) 16C2  0001011011000010 ( 187)                 ADD   R3 R3 R2
(309A) 16E1  0001011011100001 ( 188)                 ADD   R3 R3 #1
(309B) 6800  0110100000000000 ( 189)                 LDR   R4 R0 #0
(309C) 6AC0  0110101011000000 ( 190)                 LDR   R5 R3 #0
(309D) 5DA0  0101110110100000 ( 191)                 AND   R6 R6 #0
(309E) 1D85  0001110110000101 ( 192)                 ADD   R6 R6 R5
(309F) 9DBF  1001110110111111 ( 193)                 NOT   R6 R6
(30A0) 1DA1  0001110110100001 ( 194)                 ADD   R6 R6 #1
(30A1) 1D06  0001110100000110 ( 195)                 ADD   R6 R4 R6
(30A2) 0C02  0000110000000010 ( 196)                 BRNZ  BSI_GREATER_FALSE
(30A3) 78C0  0111100011000000 ( 197)                 STR   R4 R3 #0
(30A4) 7A00  0111101000000000 ( 198)                 STR   R5 R0 #0
(30A5) 14A1  0001010010100001 ( 200) BSI_GREATER_FALSE ADD   R2 R2 #1
(30A6) 0FE6  0000111111100110 ( 201)                 BRNZP BSLOOP
(30A7) 1261  0001001001100001 ( 203) EXITBSL         ADD   R1 R1 #1
(30A8) 0FDE  0000111111011110 ( 204)                 BRNZP BUBSORTLOOP
(30A9) 4FC4  0100111111000100 ( 206) LOOPCOUNT       JSR   LDREG
(30AA) 2E34  0010111000110100 ( 207)                 LD    R7 TEMP2
(30AB) C1C0  1100000111000000 ( 208)                 RET   
(30AC) A026  1010000000100110 ( 212) DIV             LDI   R0 DIVX
(30AD) A226  1010001000100110 ( 213)                 LDI   R1 DIVY
(30AE) 5B60  0101101101100000 ( 214)                 AND   R5 R5 #0
(30AF) 5DA0  0101110110100000 ( 215)                 AND   R6 R6 #0
(30B0) 1020  0001000000100000 ( 216)                 ADD   R0 R0 #0
(30B1) 0803  0000100000000011 ( 217)                 BRN   XNEG
(30B2) 1260  0001001001100000 ( 219) ISYNEG          ADD   R1 R1 #0
(30B3) 0806  0000100000000110 ( 220)                 BRN   YNEG
(30B4) 0E0A  0000111000001010 ( 221)                 BRNZP YNOTNEG
(30B5) 903F  1001000000111111 ( 223) XNEG            NOT   R0 R0
(30B6) 1021  0001000000100001 ( 224)                 ADD   R0 R0 #1
(30B7) 9DBF  1001110110111111 ( 225)                 NOT   R6 R6
(30B8) 1DA1  0001110110100001 ( 226)                 ADD   R6 R6 #1
(30B9) 0E00  0000111000000000 ( 227)                 BRNZP YNEG
(30BA) 927F  1001001001111111 ( 229) YNEG            NOT   R1 R1
(30BB) 1261  0001001001100001 ( 230)                 ADD   R1 R1 #1
(30BC) 9DBF  1001110110111111 ( 231)                 NOT   R6 R6
(30BD) 1DA1  0001110110100001 ( 232)                 ADD   R6 R6 #1
(30BE) 0FF3  0000111111110011 ( 233)                 BRNZP ISYNEG
(30BF) 927F  1001001001111111 ( 235) YNOTNEG         NOT   R1 R1
(30C0) 1261  0001001001100001 ( 236)                 ADD   R1 R1 #1
(30C1) 1001  0001000000000001 ( 238) DIVLOOP         ADD   R0 R0 R1
(30C2) 0804  0000100000000100 ( 239)                 BRN   XISNEG
(30C3) 1B61  0001101101100001 ( 240)                 ADD   R5 R5 #1
(30C4) 0405  0000010000000101 ( 241)                 BRZ   XISZERO
(30C5) 0FFB  0000111111111011 ( 242)                 BRNZP DIVLOOP
(30C6) 1020  0001000000100000 ( 244) EXITDVLOOP      ADD   R0 R0 #0
(30C7) 927F  1001001001111111 ( 246) XISNEG          NOT   R1 R1
(30C8) 1261  0001001001100001 ( 247)                 ADD   R1 R1 #1
(30C9) 1001  0001000000000001 ( 248)                 ADD   R0 R0 R1
(30CA) 1DA0  0001110110100000 ( 250) XISZERO         ADD   R6 R6 #0
(30CB) 0C04  0000110000000100 ( 251)                 BRNZ  NOTNEG
(30CC) 903F  1001000000111111 ( 252)                 NOT   R0 R0
(30CD) 1021  0001000000100001 ( 253)                 ADD   R0 R0 #1
(30CE) 9B7F  1001101101111111 ( 254)                 NOT   R5 R5
(30CF) 1B61  0001101101100001 ( 255)                 ADD   R5 R5 #1
(30D0) BA04  1011101000000100 ( 257) NOTNEG          STI   R5 DIVZ
(30D1) B004  1011000000000100 ( 258)                 STI   R0 DIVREM
(30D2) C1C0  1100000111000000 ( 259)                 RET   
(30D3) 3300  0011001100000000 ( 262) DIVX            .FILL x3300
(30D4) 3301  0011001100000001 ( 263) DIVY            .FILL x3301
(30D5) 3302  0011001100000010 ( 264) DIVZ            .FILL x3302
(30D6) 3303  0011001100000011 ( 265) DIVREM          .FILL x3303
(30D7) 3200  0011001000000000 ( 266) RESULT          .FILL x3200
(30D8) 3201  0011001000000001 ( 267) MULTX           .FILL x3201
(30D9) 3202  0011001000000010 ( 268) MULTY           .FILL x3202
(30DA) 3203  0011001000000011 ( 269) MULTR           .FILL x3203
(30DB) 3204  0011001000000100 ( 270) INTARRY         .FILL x3204
(30DC) 340C  0011010000001100 ( 271) TEMP2REG        .FILL x340C
(30DD) 340D  0011010000001101 ( 272) STACK           .FILL x340D
(30DE) C000  1100000000000000 ( 273) EMPTY           .FILL xC000
(30DF) 0000  0000000000000000 ( 274) TEMP2           .FILL x0000
(30E0) 0000  0000000000000000 ( 275) TEMP            .FILL x0000
(30E1) 0053  0000000001010011 ( 276) SORT            .FILL x0053
(30E2) 006F  0000000001101111 ( 276)                 .FILL x006F
(30E3) 0072  0000000001110010 ( 276)                 .FILL x0072
(30E4) 0074  0000000001110100 ( 276)                 .FILL x0074
(30E5) 0065  0000000001100101 ( 276)                 .FILL x0065
(30E6) 0064  0000000001100100 ( 276)                 .FILL x0064
(30E7) 0020  0000000000100000 ( 276)                 .FILL x0020
(30E8) 006C  0000000001101100 ( 276)                 .FILL x006C
(30E9) 0069  0000000001101001 ( 276)                 .FILL x0069
(30EA) 0073  0000000001110011 ( 276)                 .FILL x0073
(30EB) 0074  0000000001110100 ( 276)                 .FILL x0074
(30EC) 0020  0000000000100000 ( 276)                 .FILL x0020
(30ED) 006F  0000000001101111 ( 276)                 .FILL x006F
(30EE) 0066  0000000001100110 ( 276)                 .FILL x0066
(30EF) 0020  0000000000100000 ( 276)                 .FILL x0020
(30F0) 006E  0000000001101110 ( 276)                 .FILL x006E
(30F1) 0075  0000000001110101 ( 276)                 .FILL x0075
(30F2) 006D  0000000001101101 ( 276)                 .FILL x006D
(30F3) 0062  0000000001100010 ( 276)                 .FILL x0062
(30F4) 0065  0000000001100101 ( 276)                 .FILL x0065
(30F5) 0072  0000000001110010 ( 276)                 .FILL x0072
(30F6) 0073  0000000001110011 ( 276)                 .FILL x0073
(30F7) 003A  0000000000111010 ( 276)                 .FILL x003A
(30F8) 0020  0000000000100000 ( 276)                 .FILL x0020
(30F9) 0000  0000000000000000 ( 276)                 .FILL x0000
(30FA) 0042  0000000001000010 ( 277) INSTRUCTIONS    .FILL x0042
(30FB) 0075  0000000001110101 ( 277)                 .FILL x0075
(30FC) 0062  0000000001100010 ( 277)                 .FILL x0062
(30FD) 0062  0000000001100010 ( 277)                 .FILL x0062
(30FE) 006C  0000000001101100 ( 277)                 .FILL x006C
(30FF) 0065  0000000001100101 ( 277)                 .FILL x0065
(3100) 0020  0000000000100000 ( 277)                 .FILL x0020
(3101) 0053  0000000001010011 ( 277)                 .FILL x0053
(3102) 006F  0000000001101111 ( 277)                 .FILL x006F
(3103) 0072  0000000001110010 ( 277)                 .FILL x0072
(3104) 0074  0000000001110100 ( 277)                 .FILL x0074
(3105) 0020  0000000000100000 ( 277)                 .FILL x0020
(3106) 0050  0000000001010000 ( 277)                 .FILL x0050
(3107) 0072  0000000001110010 ( 277)                 .FILL x0072
(3108) 006F  0000000001101111 ( 277)                 .FILL x006F
(3109) 0067  0000000001100111 ( 277)                 .FILL x0067
(310A) 0072  0000000001110010 ( 277)                 .FILL x0072
(310B) 0061  0000000001100001 ( 277)                 .FILL x0061
(310C) 006D  0000000001101101 ( 277)                 .FILL x006D
(310D) 003A  0000000000111010 ( 277)                 .FILL x003A
(310E) 0020  0000000000100000 ( 277)                 .FILL x0020
(310F) 0000  0000000000000000 ( 277)                 .FILL x0000
(3110) 0045  0000000001000101 ( 278) CONSOLE         .FILL x0045
(3111) 006E  0000000001101110 ( 278)                 .FILL x006E
(3112) 0074  0000000001110100 ( 278)                 .FILL x0074
(3113) 0065  0000000001100101 ( 278)                 .FILL x0065
(3114) 0072  0000000001110010 ( 278)                 .FILL x0072
(3115) 0020  0000000000100000 ( 278)                 .FILL x0020
(3116) 0038  0000000000111000 ( 278)                 .FILL x0038
(3117) 0020  0000000000100000 ( 278)                 .FILL x0020
(3118) 006E  0000000001101110 ( 278)                 .FILL x006E
(3119) 0075  0000000001110101 ( 278)                 .FILL x0075
(311A) 006D  0000000001101101 ( 278)                 .FILL x006D
(311B) 0062  0000000001100010 ( 278)                 .FILL x0062
(311C) 0065  0000000001100101 ( 278)                 .FILL x0065
(311D) 0072  0000000001110010 ( 278)                 .FILL x0072
(311E) 0073  0000000001110011 ( 278)                 .FILL x0073
(311F) 0020  0000000000100000 ( 278)                 .FILL x0020
(3120) 0074  0000000001110100 ( 278)                 .FILL x0074
(3121) 006F  0000000001101111 ( 278)                 .FILL x006F
(3122) 0020  0000000000100000 ( 278)                 .FILL x0020
(3123) 0062  0000000001100010 ( 278)                 .FILL x0062
(3124) 0065  0000000001100101 ( 278)                 .FILL x0065
(3125) 0020  0000000000100000 ( 278)                 .FILL x0020
(3126) 0073  0000000001110011 ( 278)                 .FILL x0073
(3127) 006F  0000000001101111 ( 278)                 .FILL x006F
(3128) 0072  0000000001110010 ( 278)                 .FILL x0072
(3129) 0074  0000000001110100 ( 278)                 .FILL x0074
(312A) 0065  0000000001100101 ( 278)                 .FILL x0065
(312B) 0064  0000000001100100 ( 278)                 .FILL x0064
(312C) 003A  0000000000111010 ( 278)                 .FILL x003A
(312D) 0020  0000000000100000 ( 278)                 .FILL x0020
(312E) 0000  0000000000000000 ( 278)                 .FILL x0000
(312F) 3FAF  0011111110101111 ( 283) PRNTNUMS        ST    R7 TEMP2
(3130) 4F2D  0100111100101101 ( 284)                 JSR   SAVREG
(3131) 5260  0101001001100000 ( 285)                 AND   R1 R1 #0
(3132) 126A  0001001001101010 ( 286)                 ADD   R1 R1 #10
(3133) B3A0  1011001110100000 ( 287)                 STI   R1 DIVY
(3134) 1276  0001001001110110 ( 288)                 ADD   R1 R1 #-10
(3135) 1078  0001000001111000 ( 290) PRNTLOOP        ADD   R0 R1 #-8
(3136) 0630  0000011000110000 ( 291)                 BRZP  EXITPRNTLOOP
(3137) 21A3  0010000110100011 ( 292)                 LD    R0 INTARRY
(3138) 1001  0001000000000001 ( 293)                 ADD   R0 R0 R1
(3139) 6000  0110000000000000 ( 294)                 LDR   R0 R0 #0
(313A) B198  1011000110011000 ( 298) I_PRINTLOOP     STI   R0 DIVX
(313B) 4F22  0100111100100010 ( 299)                 JSR   SAVREG
(313C) 4F6F  0100111101101111 ( 300)                 JSR   DIV
(313D) 4F30  0100111100110000 ( 301)                 JSR   LDREG
(313E) A196  1010000110010110 ( 302)                 LDI   R0 DIVZ
(313F) A996  1010100110010110 ( 303)                 LDI   R4 DIVREM
(3140) 192F  0001100100101111 ( 304)                 ADD   R4 R4 #15
(3141) 192F  0001100100101111 ( 305)                 ADD   R4 R4 #15
(3142) 192F  0001100100101111 ( 306)                 ADD   R4 R4 #15
(3143) 1923  0001100100100011 ( 307)                 ADD   R4 R4 #3
(3144) 1020  0001000000100000 ( 308)                 ADD   R0 R0 #0
(3145) 041A  0000010000011010 ( 309)                 BRZ   PRINTCH1
(3146) B18C  1011000110001100 ( 310)                 STI   R0 DIVX
(3147) 4F16  0100111100010110 ( 311)                 JSR   SAVREG
(3148) 4F63  0100111101100011 ( 312)                 JSR   DIV
(3149) 4F24  0100111100100100 ( 313)                 JSR   LDREG
(314A) A18A  1010000110001010 ( 314)                 LDI   R0 DIVZ
(314B) AB8A  1010101110001010 ( 315)                 LDI   R5 DIVREM
(314C) 1B6F  0001101101101111 ( 316)                 ADD   R5 R5 #15
(314D) 1B6F  0001101101101111 ( 317)                 ADD   R5 R5 #15
(314E) 1B6F  0001101101101111 ( 318)                 ADD   R5 R5 #15
(314F) 1B63  0001101101100011 ( 319)                 ADD   R5 R5 #3
(3150) 1020  0001000000100000 ( 320)                 ADD   R0 R0 #0
(3151) 040C  0000010000001100 ( 321)                 BRZ   PRINTCH2
(3152) B180  1011000110000000 ( 322)                 STI   R0 DIVX
(3153) 4F0A  0100111100001010 ( 323)                 JSR   SAVREG
(3154) 4F57  0100111101010111 ( 324)                 JSR   DIV
(3155) 4F18  0100111100011000 ( 325)                 JSR   LDREG
(3156) A17E  1010000101111110 ( 326)                 LDI   R0 DIVZ
(3157) AD7E  1010110101111110 ( 327)                 LDI   R6 DIVREM
(3158) 1DAF  0001110110101111 ( 328)                 ADD   R6 R6 #15
(3159) 1DAF  0001110110101111 ( 329)                 ADD   R6 R6 #15
(315A) 1DAF  0001110110101111 ( 330)                 ADD   R6 R6 #15
(315B) 1DA3  0001110110100011 ( 331)                 ADD   R6 R6 #3
(315C) 11A0  0001000110100000 ( 332)                 ADD   R0 R6 #0
(315D) F021  1111000000100001 ( 333)                 TRAP  x21
(315E) 1160  0001000101100000 ( 335) PRINTCH2        ADD   R0 R5 #0
(315F) F021  1111000000100001 ( 336)                 TRAP  x21
(3160) 1120  0001000100100000 ( 338) PRINTCH1        ADD   R0 R4 #0
(3161) F021  1111000000100001 ( 339)                 TRAP  x21
(3162) 5020  0101000000100000 ( 340)                 AND   R0 R0 #0
(3163) 102A  0001000000101010 ( 341)                 ADD   R0 R0 #10
(3164) F021  1111000000100001 ( 342)                 TRAP  x21
(3165) 1261  0001001001100001 ( 344)                 ADD   R1 R1 #1
(3166) 0FCE  0000111111001110 ( 345)                 BRNZP PRNTLOOP
(3167) 4F06  0100111100000110 ( 347) EXITPRNTLOOP    JSR   LDREG
(3168) 2F76  0010111101110110 ( 348)                 LD    R7 TEMP2
(3169) C1C0  1100000111000000 ( 349)                 RET   
